\BOOKMARK [0][-]{chapter*.1}{\376\377\144\130\211\201}{}% 1
\BOOKMARK [0][-]{chapter*.1}{\376\377\000A\000B\000S\000T\000R\000A\000C\000T}{}% 2
\BOOKMARK [0][-]{chapter*.2}{\376\377\166\356\137\125}{}% 3
\BOOKMARK [0][-]{chapter*.3}{\376\377\143\322\126\376\124\214\226\104\210\150\156\005\123\125}{}% 4
\BOOKMARK [0][-]{chapter.1}{\376\377\137\025\212\000}{}% 5
\BOOKMARK [1][-]{section.1.1}{\376\377\170\024\172\166\200\314\146\157}{chapter.1}% 6
\BOOKMARK [1][-]{section.1.2}{\376\377\170\024\172\166\141\017\116\111}{chapter.1}% 7
\BOOKMARK [1][-]{section.1.3}{\376\377\170\024\172\166\121\205\133\271}{chapter.1}% 8
\BOOKMARK [0][-]{chapter.2}{\376\377\145\207\163\056\176\374\217\360}{}% 9
\BOOKMARK [1][-]{section.2.1}{\376\377\133\211\121\150\137\072\123\026\133\146\116\140\170\024\172\166\163\260\162\266}{chapter.2}% 10
\BOOKMARK [2][-]{subsection.2.1.1}{\376\377\127\372\116\216\116\343\116\367\166\204\145\271\154\325}{section.2.1}% 11
\BOOKMARK [2][-]{subsection.2.1.2}{\376\377\127\372\116\216\162\266\140\001\176\246\147\137\166\204\145\271\154\325}{section.2.1}% 12
\BOOKMARK [2][-]{subsection.2.1.3}{\376\377\131\032\146\172\200\375\117\123\137\072\123\026\133\146\116\140}{section.2.1}% 13
\BOOKMARK [1][-]{section.2.2}{\376\377\000H\000a\000m\000i\000l\000t\000o\000n\040\023\000J\000a\000c\000o\000b\000i\000\040\123\357\217\276\140\047\122\006\147\220}{chapter.2}% 14
\BOOKMARK [1][-]{section.2.3}{\376\377\133\146\116\140\127\213\162\266\140\001\117\060\213\241}{chapter.2}% 15
\BOOKMARK [1][-]{section.2.4}{\376\377\131\032\146\172\200\375\117\123\177\026\226\037\170\024\172\166\163\260\162\266}{chapter.2}% 16
\BOOKMARK [2][-]{subsection.2.4.1}{\376\377\127\372\116\216\137\072\123\026\133\146\116\140\166\204\177\026\226\037\143\247\122\066}{section.2.4}% 17
\BOOKMARK [2][-]{subsection.2.4.2}{\376\377\131\032\146\172\200\375\117\123\133\211\121\150\137\072\123\026\133\146\116\140}{section.2.4}% 18
\BOOKMARK [0][-]{chapter.3}{\376\377\116\015\170\156\133\232\163\257\130\203\116\013\133\211\121\150\176\246\147\137\145\271\154\325}{}% 19
\BOOKMARK [1][-]{section.3.1}{\376\377\225\356\230\230\133\232\116\111}{chapter.3}% 20
\BOOKMARK [1][-]{section.3.2}{\376\377\176\246\147\137\155\101\137\142\145\271\154\325}{chapter.3}% 21
\BOOKMARK [2][-]{subsection.3.2.1}{\376\377\147\176\137\033\123\330\221\317}{section.3.2}% 22
\BOOKMARK [2][-]{subsection.3.2.2}{\376\377\226\366\172\172\225\364\142\225\137\161}{section.3.2}% 23
\BOOKMARK [2][-]{subsection.3.2.3}{\376\377\131\126\122\261\117\356\153\143}{section.3.2}% 24
\BOOKMARK [1][-]{section.3.3}{\376\377\133\211\121\150\123\357\217\276\140\047\122\006\147\220}{chapter.3}% 25
\BOOKMARK [2][-]{subsection.3.3.1}{\376\377\116\316\000\040\000H\000J\000\040\120\117\137\256\122\006\145\271\172\013\122\060\123\357\210\114\140\047\120\074\121\375\145\160}{section.3.3}% 26
\BOOKMARK [2][-]{subsection.3.3.2}{\376\377\171\273\176\277\217\321\117\074}{section.3.3}% 27
\BOOKMARK [2][-]{subsection.3.3.3}{\376\377\116\016\133\211\121\150\217\307\156\344\126\150\166\204\226\306\142\020}{section.3.3}% 28
\BOOKMARK [1][-]{section.3.4}{\376\377\145\160\143\156\232\161\122\250\166\204\162\266\140\001\117\060\213\241}{chapter.3}% 29
\BOOKMARK [2][-]{subsection.3.4.1}{\376\377\142\151\134\125\123\141\134\024\146\374\156\344\154\342}{section.3.4}% 30
\BOOKMARK [2][-]{subsection.3.4.2}{\376\377\126\152\130\360\123\302\145\160\220\002\221\115\126\150}{section.3.4}% 31
\BOOKMARK [2][-]{subsection.3.4.3}{\376\377\171\273\176\277\230\204\213\255\176\303}{section.3.4}% 32
\BOOKMARK [1][-]{section.3.5}{\376\377\133\236\232\214}{chapter.3}% 33
\BOOKMARK [2][-]{subsection.3.5.1}{\376\377\133\211\121\150\123\357\217\276\172\172\225\364\133\236\232\214}{section.3.5}% 34
\BOOKMARK [2][-]{subsection.3.5.2}{\376\377\133\371\153\324\133\236\232\214}{section.3.5}% 35
\BOOKMARK [2][-]{subsection.3.5.3}{\376\377\155\210\207\215\133\236\232\214}{section.3.5}% 36
\BOOKMARK [2][-]{subsection.3.5.4}{\376\377\126\152\130\360\133\236\232\214}{section.3.5}% 37
\BOOKMARK [2][-]{subsection.3.5.5}{\376\377\000W\000E\000b\000o\000t\000s\136\163\123\360\133\236\232\214}{section.3.5}% 38
\BOOKMARK [0][-]{chapter.4}{\376\377\127\372\116\216\121\340\117\125\176\246\147\137\166\204\173\126\165\145\133\146\116\140\145\271\154\325}{}% 39
\BOOKMARK [1][-]{section.4.1}{\376\377\145\271\154\325\150\106\147\266}{chapter.4}% 40
\BOOKMARK [1][-]{section.4.2}{\376\377\174\373\176\337\136\372\152\041}{chapter.4}% 41
\BOOKMARK [2][-]{subsection.4.2.1}{\376\377\162\266\140\001\116\016\143\247\122\066\217\223\121\145\136\372\152\041}{section.4.2}% 42
\BOOKMARK [2][-]{subsection.4.2.2}{\376\377\177\026\226\037\166\204\126\376\136\372\152\041}{section.4.2}% 43
\BOOKMARK [1][-]{section.4.3}{\376\377\137\072\123\026\133\146\116\140\134\102}{chapter.4}% 44
\BOOKMARK [2][-]{subsection.4.3.1}{\376\377\137\072\123\026\133\146\116\140\116\016\121\340\117\125\143\247\122\066\166\204\123\117\124\014\147\072\122\066}{section.4.3}% 45
\BOOKMARK [1][-]{section.4.4}{\376\377\121\340\117\125\217\307\156\344\134\102}{chapter.4}% 46
\BOOKMARK [2][-]{subsection.4.4.1}{\376\377\170\260\144\236\220\177\121\115\202\202\160\271}{section.4.4}% 47
\BOOKMARK [2][-]{subsection.4.4.2}{\376\377\177\026\226\037\117\335\143\001\202\202\160\271}{section.4.4}% 48
\BOOKMARK [2][-]{subsection.4.4.3}{\376\377\150\071\202\202\160\271\211\343\147\220}{section.4.4}% 49
\BOOKMARK [2][-]{subsection.4.4.4}{\376\377\135\356\220\037\174\373\176\337\146\040\134\004}{section.4.4}% 50
\BOOKMARK [1][-]{section.4.5}{\376\377\133\236\232\214}{chapter.4}% 51
\BOOKMARK [2][-]{subsection.4.5.1}{\376\377\133\236\232\214\213\276\177\156}{section.4.5}% 52
\BOOKMARK [2][-]{subsection.4.5.2}{\376\377\116\373\122\241\143\317\217\360}{section.4.5}% 53
\BOOKMARK [2][-]{subsection.4.5.3}{\376\377\213\304\116\367\143\007\150\007}{section.4.5}% 54
\BOOKMARK [2][-]{subsection.4.5.4}{\376\377\133\236\232\214\176\323\147\234}{section.4.5}% 55
\BOOKMARK [0][-]{chapter.5}{\376\377\147\072\126\150\116\272\133\211\121\150\232\214\213\301\136\163\123\360}{}% 56
\BOOKMARK [1][-]{section.5.1}{\376\377\136\163\123\360\134\102\153\041\147\266\147\204}{chapter.5}% 57
\BOOKMARK [1][-]{section.5.2}{\376\377\150\070\137\303\147\072\122\066\213\276\213\241}{chapter.5}% 58
\BOOKMARK [2][-]{subsection.5.2.1}{\376\377\133\271\126\150\123\026\116\016\136\166\210\114\214\003\136\246\147\072\122\066}{section.5.2}% 59
\BOOKMARK [2][-]{subsection.5.2.2}{\376\377\123\314\220\032\220\123\123\357\211\306\123\026\147\072\122\066}{section.5.2}% 60
\BOOKMARK [2][-]{subsection.5.2.3}{\376\377\133\211\121\150\213\304\117\060\232\214\213\301\147\072\122\066}{section.5.2}% 61
\BOOKMARK [1][-]{section.5.3}{\376\377\174\373\176\337\133\236\163\260}{chapter.5}% 62
\BOOKMARK [2][-]{subsection.5.3.1}{\376\377\147\072\126\150\116\272\116\377\167\037\152\041\127\127}{section.5.3}% 63
\BOOKMARK [2][-]{subsection.5.3.2}{\376\377\122\115\172\357\116\244\116\222\152\041\127\127}{section.5.3}% 64
\BOOKMARK [2][-]{subsection.5.3.3}{\376\377\124\016\172\357\147\015\122\241\152\041\127\127}{section.5.3}% 65
\BOOKMARK [2][-]{subsection.5.3.4}{\376\377\147\072\126\150\116\272\220\032\117\341\152\041\127\127}{section.5.3}% 66
\BOOKMARK [1][-]{section.5.4}{\376\377\147\054\172\340\134\017\176\323}{chapter.5}% 67
\BOOKMARK [0][-]{chapter.6}{\376\377\176\323\213\272\116\016\134\125\147\033}{}% 68
\BOOKMARK [1][-]{section.6.1}{\376\377\176\323\213\272}{chapter.6}% 69
\BOOKMARK [1][-]{section.6.2}{\376\377\134\125\147\033}{chapter.6}% 70
\BOOKMARK [0][-]{chapter*.23}{\376\377\123\302\200\003\145\207\163\056}{}% 71
\BOOKMARK [0][-]{chapter*.24}{\376\377\201\364\214\042}{}% 72
\BOOKMARK [0][-]{chapter*.25}{\376\377\117\134\200\005\173\200\123\206\123\312\127\050\133\146\170\024\172\166\142\020\147\234}{}% 73
\BOOKMARK [0][-]{chapter*.26}{\376\377\162\354\122\033\140\047\213\364\146\016}{}% 74
\BOOKMARK [0][-]{chapter*.27}{\376\377\121\163\116\216\213\272\145\207\117\177\165\050\143\210\147\103\166\204\213\364\146\016}{}% 75
\BOOKMARK [0][-]{chapter*.28}{\376\377\133\146\117\115\213\272\145\207\145\160\143\156\226\306}{}% 76
